TN:
SF:src\dto\EmployeeDTO.js
FN:2,(anonymous_0)
FNF:1
FNH:1
FNDA:6,(anonymous_0)
DA:3,6
DA:4,6
DA:5,6
DA:9,1
LF:4
LH:4
BRF:0
BRH:0
end_of_record
TN:
SF:src\models\Employee.js
FN:2,(anonymous_0)
FNF:1
FNH:1
FNDA:5,(anonymous_0)
DA:3,5
DA:4,5
DA:5,5
DA:6,5
DA:10,1
LF:5
LH:5
BRF:0
BRH:0
end_of_record
TN:
SF:src\repositories\EmployeeRepository.js
FN:2,(anonymous_0)
FN:6,(anonymous_1)
FN:11,(anonymous_2)
FN:12,(anonymous_3)
FN:15,(anonymous_4)
FN:19,(anonymous_5)
FN:29,(anonymous_6)
FN:30,(anonymous_7)
FNF:8
FNH:8
FNDA:8,(anonymous_0)
FNDA:5,(anonymous_1)
FNDA:3,(anonymous_2)
FNDA:2,(anonymous_3)
FNDA:1,(anonymous_4)
FNDA:1,(anonymous_5)
FNDA:2,(anonymous_6)
FNDA:1,(anonymous_7)
DA:3,8
DA:7,5
DA:8,5
DA:12,3
DA:16,1
DA:20,1
DA:22,1
DA:23,1
DA:26,1
DA:30,2
DA:32,2
DA:33,1
DA:36,1
DA:40,1
LF:14
LH:14
BRDA:22,0,0,1
BRDA:22,0,1,0
BRDA:32,1,0,1
BRDA:32,1,1,1
BRF:4
BRH:3
end_of_record
TN:
SF:src\services\EmployeeService.js
FN:4,(anonymous_0)
FN:9,(anonymous_1)
FN:24,(anonymous_2)
FN:34,(anonymous_3)
FN:48,(anonymous_4)
FN:58,(anonymous_5)
FNF:6
FNH:5
FNDA:8,(anonymous_0)
FNDA:6,(anonymous_1)
FNDA:2,(anonymous_2)
FNDA:2,(anonymous_3)
FNDA:2,(anonymous_4)
FNDA:0,(anonymous_5)
DA:1,1
DA:5,8
DA:6,8
DA:10,6
DA:11,1
DA:14,5
DA:21,5
DA:25,2
DA:27,2
DA:28,1
DA:31,1
DA:35,2
DA:36,1
DA:39,1
DA:41,1
DA:42,0
DA:45,1
DA:49,2
DA:51,2
DA:52,1
DA:55,1
DA:59,0
DA:63,1
LF:23
LH:21
BRDA:10,0,0,1
BRDA:10,0,1,5
BRDA:10,1,0,6
BRDA:10,1,1,6
BRDA:10,1,2,6
BRDA:27,2,0,1
BRDA:27,2,1,1
BRDA:35,3,0,1
BRDA:35,3,1,1
BRDA:41,4,0,0
BRDA:41,4,1,1
BRDA:51,5,0,1
BRDA:51,5,1,1
BRF:13
BRH:12
end_of_record
